<?xml version="1.0" encoding="UTF-8"?>
<!-- Generated by org.testng.reporters.JUnitXMLReporter -->
<testsuite hostname="LAPTOP-EEMLOJPU" ignored="0" name="Test" tests="3" failures="0" timestamp="28 Mar 2020 08:33:35 GMT" time="82.802" errors="0">
  <testcase name="getPriceOfTheFirstFlight_mmt" time="43.229" classname="tests.Travel_mmt_yatra_Test"/>
  <testcase name="getPriceOfTheFirstFlight_yatra" time="19.763" classname="tests.Travel_mmt_yatra_Test"/>
  <testcase name="compareThePriceOfFlight_mmt_yatra" time="0.004" classname="tests.Travel_mmt_yatra_Test"/>
</testsuite> <!-- Test -->
